2020-09-10 20:48:59,848 - 18268 INFO - 127.0.0.1 - - [10/Sep/2020 20:48:59] "[37mOPTIONS /testing HTTP/1.1[0m" 200 -
2020-09-10 20:49:01,584 - 18268 INFO - 127.0.0.1 - - [10/Sep/2020 20:49:01] "[37mPOST /testing HTTP/1.1[0m" 200 -
2020-09-10 20:49:08,113 - 18268 INFO - create table if not exists dimension_payment_details(FEE_ID VARCHAR(10) NOT NULL PRIMARY KEY,
                        FEES   BIGINT,
                        FEES_TYPE  VARCHAR(15),
                        MANDATORY? CHAR(5),
                        ACTIVE_FLAG CHAR(1),
                        PAYMENT_START_DATE DATETIME,
                        PAYMENT_END_DATE   DATETIME) dimension_payment_details.sql 0.0s dimension_payment_details Table CREATED
2020-09-10 20:49:08,113 - 18268 INFO - create table if not exists dimension_payment_details(FEE_ID VARCHAR(10) NOT NULL PRIMARY KEY,
                        FEES   BIGINT,
                        FEES_TYPE  VARCHAR(15),
                        MANDATORY? CHAR(5),
                        ACTIVE_FLAG CHAR(1),
                        PAYMENT_START_DATE DATETIME,
                        PAYMENT_END_DATE   DATETIME) dimension_payment_details.sql 0.0s dimension_payment_details Table CREATED
2020-09-10 20:49:09,111 - 18268 INFO - dimension_payment_details UPDATED
2020-09-10 20:49:09,111 - 18268 INFO - dimension_payment_details UPDATED
2020-09-10 20:49:09,828 - 18268 INFO - create table if not exists dimension_payment_details(FEE_ID VARCHAR(10) NOT NULL PRIMARY KEY,
                        FEES   BIGINT,
                        FEES_TYPE  VARCHAR(15),
                        MANDATORY? CHAR(5),
                        ACTIVE_FLAG CHAR(1),
                        PAYMENT_START_DATE DATETIME,
                        PAYMENT_END_DATE   DATETIME) dimension_payment_details.sql 0.01s dimension_payment_details Table CREATED
2020-09-10 20:49:09,828 - 18268 INFO - create table if not exists dimension_payment_details(FEE_ID VARCHAR(10) NOT NULL PRIMARY KEY,
                        FEES   BIGINT,
                        FEES_TYPE  VARCHAR(15),
                        MANDATORY? CHAR(5),
                        ACTIVE_FLAG CHAR(1),
                        PAYMENT_START_DATE DATETIME,
                        PAYMENT_END_DATE   DATETIME) dimension_payment_details.sql 0.01s dimension_payment_details Table CREATED
2020-09-10 20:49:11,080 - 18268 INFO - dimension_payment_details UPDATED
2020-09-10 20:49:11,080 - 18268 INFO - dimension_payment_details UPDATED
2020-09-10 20:49:11,628 - 18268 INFO - create table if not exists dimension_payment_details(FEE_ID VARCHAR(10) NOT NULL PRIMARY KEY,
                        FEES   BIGINT,
                        FEES_TYPE  VARCHAR(15),
                        MANDATORY? CHAR(5),
                        ACTIVE_FLAG CHAR(1),
                        PAYMENT_START_DATE DATETIME,
                        PAYMENT_END_DATE   DATETIME) dimension_payment_details.sql 0.01s dimension_payment_details Table CREATED
2020-09-10 20:49:11,628 - 18268 INFO - create table if not exists dimension_payment_details(FEE_ID VARCHAR(10) NOT NULL PRIMARY KEY,
                        FEES   BIGINT,
                        FEES_TYPE  VARCHAR(15),
                        MANDATORY? CHAR(5),
                        ACTIVE_FLAG CHAR(1),
                        PAYMENT_START_DATE DATETIME,
                        PAYMENT_END_DATE   DATETIME) dimension_payment_details.sql 0.01s dimension_payment_details Table CREATED
2020-09-10 20:49:12,440 - 18268 INFO - dimension_payment_details UPDATED
2020-09-10 20:49:12,440 - 18268 INFO - dimension_payment_details UPDATED
2020-09-10 20:49:14,095 - 18268 INFO - create table if not exists dimension_payment_details(FEE_ID VARCHAR(10) NOT NULL PRIMARY KEY,
                        FEES   BIGINT,
                        FEES_TYPE  VARCHAR(15),
                        MANDATORY? CHAR(5),
                        ACTIVE_FLAG CHAR(1),
                        PAYMENT_START_DATE DATETIME,
                        PAYMENT_END_DATE   DATETIME) dimension_payment_details.sql 0.03s dimension_payment_details Table CREATED
2020-09-10 20:49:14,095 - 18268 INFO - create table if not exists dimension_payment_details(FEE_ID VARCHAR(10) NOT NULL PRIMARY KEY,
                        FEES   BIGINT,
                        FEES_TYPE  VARCHAR(15),
                        MANDATORY? CHAR(5),
                        ACTIVE_FLAG CHAR(1),
                        PAYMENT_START_DATE DATETIME,
                        PAYMENT_END_DATE   DATETIME) dimension_payment_details.sql 0.03s dimension_payment_details Table CREATED
2020-09-10 20:49:15,253 - 18268 INFO - dimension_payment_details UPDATED
2020-09-10 20:49:15,253 - 18268 INFO - dimension_payment_details UPDATED
2020-09-10 20:49:15,802 - 18268 INFO - dimension_payment_details Records Inserted
2020-09-10 20:49:15,802 - 18268 INFO - dimension_payment_details Records Inserted
2020-09-10 20:49:15,802 - 18268 INFO - dimension_payment_details Records Inserted
2020-09-10 20:49:16,285 - 18268 INFO - 127.0.0.1 - - [10/Sep/2020 20:49:16] "[37mPOST /insertion HTTP/1.1[0m" 200 -
2020-09-10 20:49:16,285 - 18268 INFO - 127.0.0.1 - - [10/Sep/2020 20:49:16] "[37mPOST /insertion HTTP/1.1[0m" 200 -
2020-09-10 20:49:16,285 - 18268 INFO - 127.0.0.1 - - [10/Sep/2020 20:49:16] "[37mPOST /insertion HTTP/1.1[0m" 200 -
2020-09-10 20:49:19,142 - 18268 INFO - 127.0.0.1 - - [10/Sep/2020 20:49:19] "[37mGET /tables HTTP/1.1[0m" 200 -
2020-09-10 20:49:19,142 - 18268 INFO - 127.0.0.1 - - [10/Sep/2020 20:49:19] "[37mGET /tables HTTP/1.1[0m" 200 -
2020-09-10 20:49:19,142 - 18268 INFO - 127.0.0.1 - - [10/Sep/2020 20:49:19] "[37mGET /tables HTTP/1.1[0m" 200 -
2020-09-10 20:50:03,427 - 18268 INFO - 127.0.0.1 - - [10/Sep/2020 20:50:03] "[37mGET /select/fact_student HTTP/1.1[0m" 200 -
2020-09-10 20:50:11,476 - 18268 INFO - 127.0.0.1 - - [10/Sep/2020 20:50:11] "[37mGET /select/fact_payment HTTP/1.1[0m" 200 -
